{
  "stats": {
    "suites": 2,
    "tests": 8,
    "passes": 8,
    "pending": 0,
    "failures": 0,
    "start": "2024-08-14T15:44:53.789Z",
    "end": "2024-08-14T15:44:56.184Z",
    "duration": 2395,
    "testsRegistered": 8,
    "passPercent": 100,
    "pendingPercent": 0,
    "other": 0,
    "hasOther": false,
    "skipped": 0,
    "hasSkipped": false
  },
  "results": [
    {
      "uuid": "cb0fa2d3-f928-4f5d-8885-f0d4a5864804",
      "title": "",
      "fullFile": "cypress/e2e/2-advanced-examples/connectors.cy.js",
      "file": "cypress/e2e/2-advanced-examples/connectors.cy.js",
      "beforeHooks": [],
      "afterHooks": [],
      "tests": [],
      "suites": [
        {
          "uuid": "fa5e44ea-bbff-43e6-b81a-6cac84c04601",
          "title": "Connectors",
          "fullFile": "",
          "file": "",
          "beforeHooks": [],
          "afterHooks": [],
          "tests": [
            {
              "title": ".each() - iterate over an array of elements",
              "fullTitle": "Connectors .each() - iterate over an array of elements",
              "timedOut": null,
              "duration": 203,
              "state": "passed",
              "speed": "fast",
              "pass": true,
              "fail": false,
              "pending": false,
              "context": "{\n  \"title\": \"cypress-mochawesome-reporter-videos-passed\",\n  \"value\": \"cypress/e2e/2-advanced-examples/connectors.cy.js\"\n}",
              "code": "// https://on.cypress.io/each\ncy.get('.connectors-each-ul>li').each(($el, index, $list) => {\n  console.log($el, index, $list);\n});",
              "err": {},
              "uuid": "3855d398-5259-41b8-b980-6cbf3756a498",
              "parentUUID": "fa5e44ea-bbff-43e6-b81a-6cac84c04601",
              "isHook": false,
              "skipped": false
            },
            {
              "title": ".its() - get properties on the current subject",
              "fullTitle": "Connectors .its() - get properties on the current subject",
              "timedOut": null,
              "duration": 89,
              "state": "passed",
              "speed": "fast",
              "pass": true,
              "fail": false,
              "pending": false,
              "context": "{\n  \"title\": \"cypress-mochawesome-reporter-videos-passed\",\n  \"value\": \"cypress/e2e/2-advanced-examples/connectors.cy.js\"\n}",
              "code": "// https://on.cypress.io/its\ncy.get('.connectors-its-ul>li')\n// calls the 'length' property yielding that value\n.its('length').should('be.gt', 2);",
              "err": {},
              "uuid": "2d1c84f6-4a58-4b4d-9cd7-7e0d2e47a27a",
              "parentUUID": "fa5e44ea-bbff-43e6-b81a-6cac84c04601",
              "isHook": false,
              "skipped": false
            },
            {
              "title": ".invoke() - invoke a function on the current subject",
              "fullTitle": "Connectors .invoke() - invoke a function on the current subject",
              "timedOut": null,
              "duration": 82,
              "state": "passed",
              "speed": "fast",
              "pass": true,
              "fail": false,
              "pending": false,
              "context": "{\n  \"title\": \"cypress-mochawesome-reporter-videos-passed\",\n  \"value\": \"cypress/e2e/2-advanced-examples/connectors.cy.js\"\n}",
              "code": "// our div is hidden in our script.js\n// $('.connectors-div').hide()\ncy.get('.connectors-div').should('be.hidden');\n// https://on.cypress.io/invoke\n// call the jquery method 'show' on the 'div.container'\ncy.get('.connectors-div').invoke('show');\ncy.get('.connectors-div').should('be.visible');",
              "err": {},
              "uuid": "15023226-a4d5-4112-9ef1-d06d88f3d5b9",
              "parentUUID": "fa5e44ea-bbff-43e6-b81a-6cac84c04601",
              "isHook": false,
              "skipped": false
            },
            {
              "title": ".spread() - spread an array as individual args to callback function",
              "fullTitle": "Connectors .spread() - spread an array as individual args to callback function",
              "timedOut": null,
              "duration": 89,
              "state": "passed",
              "speed": "fast",
              "pass": true,
              "fail": false,
              "pending": false,
              "context": "{\n  \"title\": \"cypress-mochawesome-reporter-videos-passed\",\n  \"value\": \"cypress/e2e/2-advanced-examples/connectors.cy.js\"\n}",
              "code": "// https://on.cypress.io/spread\nconst arr = ['foo', 'bar', 'baz'];\ncy.wrap(arr).spread((foo, bar, baz) => {\n  expect(foo).to.eq('foo');\n  expect(bar).to.eq('bar');\n  expect(baz).to.eq('baz');\n});",
              "err": {},
              "uuid": "efd19f36-11ee-41a4-b658-0c7ca9e98b61",
              "parentUUID": "fa5e44ea-bbff-43e6-b81a-6cac84c04601",
              "isHook": false,
              "skipped": false
            }
          ],
          "suites": [
            {
              "uuid": "e4daa589-8969-4883-a11f-f1c803d09cea",
              "title": ".then()",
              "fullFile": "",
              "file": "",
              "beforeHooks": [],
              "afterHooks": [],
              "tests": [
                {
                  "title": "invokes a callback function with the current subject",
                  "fullTitle": "Connectors .then() invokes a callback function with the current subject",
                  "timedOut": null,
                  "duration": 87,
                  "state": "passed",
                  "speed": "fast",
                  "pass": true,
                  "fail": false,
                  "pending": false,
                  "context": "{\n  \"title\": \"cypress-mochawesome-reporter-videos-passed\",\n  \"value\": \"cypress/e2e/2-advanced-examples/connectors.cy.js\"\n}",
                  "code": "// https://on.cypress.io/then\ncy.get('.connectors-list > li').then($lis => {\n  expect($lis, '3 items').to.have.length(3);\n  expect($lis.eq(0), 'first item').to.contain('Walk the dog');\n  expect($lis.eq(1), 'second item').to.contain('Feed the cat');\n  expect($lis.eq(2), 'third item').to.contain('Write JavaScript');\n});",
                  "err": {},
                  "uuid": "3a47a60b-6ac8-4340-ab16-de7fa053f705",
                  "parentUUID": "e4daa589-8969-4883-a11f-f1c803d09cea",
                  "isHook": false,
                  "skipped": false
                },
                {
                  "title": "yields the returned value to the next command",
                  "fullTitle": "Connectors .then() yields the returned value to the next command",
                  "timedOut": null,
                  "duration": 142,
                  "state": "passed",
                  "speed": "fast",
                  "pass": true,
                  "fail": false,
                  "pending": false,
                  "context": "{\n  \"title\": \"cypress-mochawesome-reporter-videos-passed\",\n  \"value\": \"cypress/e2e/2-advanced-examples/connectors.cy.js\"\n}",
                  "code": "cy.wrap(1).then(num => {\n  expect(num).to.equal(1);\n  return 2;\n}).then(num => {\n  expect(num).to.equal(2);\n});",
                  "err": {},
                  "uuid": "dbcd6e29-ece7-4b05-8864-49826479ef1f",
                  "parentUUID": "e4daa589-8969-4883-a11f-f1c803d09cea",
                  "isHook": false,
                  "skipped": false
                },
                {
                  "title": "yields the original subject without return",
                  "fullTitle": "Connectors .then() yields the original subject without return",
                  "timedOut": null,
                  "duration": 81,
                  "state": "passed",
                  "speed": "fast",
                  "pass": true,
                  "fail": false,
                  "pending": false,
                  "context": "{\n  \"title\": \"cypress-mochawesome-reporter-videos-passed\",\n  \"value\": \"cypress/e2e/2-advanced-examples/connectors.cy.js\"\n}",
                  "code": "cy.wrap(1).then(num => {\n  expect(num).to.equal(1);\n  // note that nothing is returned from this callback\n}).then(num => {\n  // this callback receives the original unchanged value 1\n  expect(num).to.equal(1);\n});",
                  "err": {},
                  "uuid": "b3b96a0d-642b-4ada-b2d1-0c0b31075199",
                  "parentUUID": "e4daa589-8969-4883-a11f-f1c803d09cea",
                  "isHook": false,
                  "skipped": false
                },
                {
                  "title": "yields the value yielded by the last Cypress command inside",
                  "fullTitle": "Connectors .then() yields the value yielded by the last Cypress command inside",
                  "timedOut": null,
                  "duration": 87,
                  "state": "passed",
                  "speed": "fast",
                  "pass": true,
                  "fail": false,
                  "pending": false,
                  "context": "{\n  \"title\": \"cypress-mochawesome-reporter-videos-passed\",\n  \"value\": \"cypress/e2e/2-advanced-examples/connectors.cy.js\"\n}",
                  "code": "cy.wrap(1).then(num => {\n  expect(num).to.equal(1);\n  // note how we run a Cypress command\n  // the result yielded by this Cypress command\n  // will be passed to the second \".then\"\n  cy.wrap(2);\n}).then(num => {\n  // this callback receives the value yielded by \"cy.wrap(2)\"\n  expect(num).to.equal(2);\n});",
                  "err": {},
                  "uuid": "03e7ee3d-f4d3-48cc-b99e-d8952132663c",
                  "parentUUID": "e4daa589-8969-4883-a11f-f1c803d09cea",
                  "isHook": false,
                  "skipped": false
                }
              ],
              "suites": [],
              "passes": [
                "3a47a60b-6ac8-4340-ab16-de7fa053f705",
                "dbcd6e29-ece7-4b05-8864-49826479ef1f",
                "b3b96a0d-642b-4ada-b2d1-0c0b31075199",
                "03e7ee3d-f4d3-48cc-b99e-d8952132663c"
              ],
              "failures": [],
              "pending": [],
              "skipped": [],
              "duration": 397,
              "root": false,
              "rootEmpty": false,
              "_timeout": 2000
            }
          ],
          "passes": [
            "3855d398-5259-41b8-b980-6cbf3756a498",
            "2d1c84f6-4a58-4b4d-9cd7-7e0d2e47a27a",
            "15023226-a4d5-4112-9ef1-d06d88f3d5b9",
            "efd19f36-11ee-41a4-b658-0c7ca9e98b61"
          ],
          "failures": [],
          "pending": [],
          "skipped": [],
          "duration": 463,
          "root": false,
          "rootEmpty": false,
          "_timeout": 2000
        }
      ],
      "passes": [],
      "failures": [],
      "pending": [],
      "skipped": [],
      "duration": 0,
      "root": true,
      "rootEmpty": true,
      "_timeout": 2000
    }
  ],
  "meta": {
    "mocha": {
      "version": "7.0.1"
    },
    "mochawesome": {
      "options": {
        "quiet": false,
        "reportFilename": "mochawesome",
        "saveHtml": false,
        "saveJson": true,
        "consoleReporter": "spec",
        "useInlineDiffs": false,
        "code": true
      },
      "version": "7.1.3"
    },
    "marge": {
      "options": {
        "charts": true,
        "reportPageTitle": "Cypress Testing Report",
        "embeddedScreenshots": true,
        "inlineAssets": true,
        "saveAllAttempts": false,
        "ignoreVideos": false,
        "overwrite": false,
        "html": false,
        "json": true,
        "reportDir": "cypress/reports/html/.jsons"
      },
      "version": "6.2.0"
    }
  }
}