{
  "stats": {
    "suites": 1,
    "tests": 2,
    "passes": 2,
    "pending": 0,
    "failures": 0,
    "start": "2024-08-14T15:46:33.063Z",
    "end": "2024-08-14T15:46:33.892Z",
    "duration": 829,
    "testsRegistered": 2,
    "passPercent": 100,
    "pendingPercent": 0,
    "other": 0,
    "hasOther": false,
    "skipped": 0,
    "hasSkipped": false
  },
  "results": [
    {
      "uuid": "b09ec1d6-75ff-4eb1-a53a-b8d7ceb3a1b0",
      "title": "",
      "fullFile": "cypress/e2e/API-Testing/02-PostCall.cy.js",
      "file": "cypress/e2e/API-Testing/02-PostCall.cy.js",
      "beforeHooks": [],
      "afterHooks": [],
      "tests": [],
      "suites": [
        {
          "uuid": "9b3e9b61-b281-40c2-a0cd-ecbd0a0d82d6",
          "title": "Different ways to create POST Call",
          "fullFile": "",
          "file": "",
          "beforeHooks": [],
          "afterHooks": [],
          "tests": [
            {
              "title": "HTTP Request - POST call",
              "fullTitle": "Different ways to create POST Call HTTP Request - POST call",
              "timedOut": null,
              "duration": 464,
              "state": "passed",
              "speed": "fast",
              "pass": true,
              "fail": false,
              "pending": false,
              "context": "{\n  \"title\": \"cypress-mochawesome-reporter-videos-passed\",\n  \"value\": \"cypress/e2e/API-Testing/02-PostCall.cy.js\"\n}",
              "code": "cy.request({\n  method: 'POST',\n  url: 'https://reqres.in/api/users',\n  body: bodyValue\n}).then(response => {\n  expect(response.status).to.equal(201);\n  const body = response.body;\n  cy.log(JSON.stringify(body));\n  expect(body).property('name').to.equal(bodyValue.name);\n  expect(body).property('job').to.equal(bodyValue.job);\n});",
              "err": {},
              "uuid": "9dc2583d-23cb-4310-ac74-30add5493795",
              "parentUUID": "9b3e9b61-b281-40c2-a0cd-ecbd0a0d82d6",
              "isHook": false,
              "skipped": false
            },
            {
              "title": "Using Fixture - Create POST method",
              "fullTitle": "Different ways to create POST Call Using Fixture - Create POST method",
              "timedOut": null,
              "duration": 335,
              "state": "passed",
              "speed": "fast",
              "pass": true,
              "fail": false,
              "pending": false,
              "context": "{\n  \"title\": \"cypress-mochawesome-reporter-videos-passed\",\n  \"value\": \"cypress/e2e/API-Testing/02-PostCall.cy.js\"\n}",
              "code": "cy.fixture('userdetail').then(user => {\n  const data = user;\n  cy.request({\n    method: 'POST',\n    url: 'https://reqres.in/api/users',\n    body: data\n  }).then(response => {\n    const resBody = response.body;\n    expect(resBody).property('name').to.equal(data.name);\n    expect(resBody).property('job').to.equal(data.job);\n    cy.log(JSON.stringify(resBody));\n  });\n});",
              "err": {},
              "uuid": "39708699-044f-4f54-8207-fd9d6dd28914",
              "parentUUID": "9b3e9b61-b281-40c2-a0cd-ecbd0a0d82d6",
              "isHook": false,
              "skipped": false
            }
          ],
          "suites": [],
          "passes": [
            "9dc2583d-23cb-4310-ac74-30add5493795",
            "39708699-044f-4f54-8207-fd9d6dd28914"
          ],
          "failures": [],
          "pending": [],
          "skipped": [],
          "duration": 799,
          "root": false,
          "rootEmpty": false,
          "_timeout": 2000
        }
      ],
      "passes": [],
      "failures": [],
      "pending": [],
      "skipped": [],
      "duration": 0,
      "root": true,
      "rootEmpty": true,
      "_timeout": 2000
    }
  ],
  "meta": {
    "mocha": {
      "version": "7.0.1"
    },
    "mochawesome": {
      "options": {
        "quiet": false,
        "reportFilename": "mochawesome",
        "saveHtml": false,
        "saveJson": true,
        "consoleReporter": "spec",
        "useInlineDiffs": false,
        "code": true
      },
      "version": "7.1.3"
    },
    "marge": {
      "options": {
        "charts": true,
        "reportPageTitle": "Cypress Testing Report",
        "embeddedScreenshots": true,
        "inlineAssets": true,
        "saveAllAttempts": false,
        "ignoreVideos": false,
        "overwrite": false,
        "html": false,
        "json": true,
        "reportDir": "cypress/reports/html/.jsons"
      },
      "version": "6.2.0"
    }
  }
}