{
  "stats": {
    "suites": 1,
    "tests": 1,
    "passes": 1,
    "pending": 0,
    "failures": 0,
    "start": "2024-08-14T15:46:36.533Z",
    "end": "2024-08-14T15:46:36.639Z",
    "duration": 106,
    "testsRegistered": 1,
    "passPercent": 100,
    "pendingPercent": 0,
    "other": 0,
    "hasOther": false,
    "skipped": 0,
    "hasSkipped": false
  },
  "results": [
    {
      "uuid": "c6df81bf-a3a9-4978-9f4a-9265decacba6",
      "title": "",
      "fullFile": "cypress/e2e/API-Testing/03-QueryParam.cy.js",
      "file": "cypress/e2e/API-Testing/03-QueryParam.cy.js",
      "beforeHooks": [],
      "afterHooks": [],
      "tests": [],
      "suites": [
        {
          "uuid": "1fd3af0b-4791-4d80-8e52-f643aa4a6198",
          "title": "Query Params",
          "fullFile": "",
          "file": "",
          "beforeHooks": [],
          "afterHooks": [],
          "tests": [
            {
              "title": "Query Param Demo",
              "fullTitle": "Query Params Query Param Demo",
              "timedOut": null,
              "duration": 84,
              "state": "passed",
              "speed": "fast",
              "pass": true,
              "fail": false,
              "pending": false,
              "context": "{\n  \"title\": \"cypress-mochawesome-reporter-videos-passed\",\n  \"value\": \"cypress/e2e/API-Testing/03-QueryParam.cy.js\"\n}",
              "code": "cy.request({\n  method: 'GET',\n  url: 'https://reqres.in/api/users',\n  qs: {\n    page: 2\n  }\n}).then(response => {\n  expect(response.status).to.equal(200);\n  const resResult = response.body;\n  cy.log(JSON.stringify(resResult));\n  expect(resResult.data).to.have.length(6);\n  expect(resResult.data[0].first_name).to.equal('Michael');\n  expect(resResult).property('total_pages').to.equal(2);\n  expect(resResult).property('per_page').to.equal(6);\n});",
              "err": {},
              "uuid": "d97a321b-7dd0-460a-8a0e-909b79e43ce0",
              "parentUUID": "1fd3af0b-4791-4d80-8e52-f643aa4a6198",
              "isHook": false,
              "skipped": false
            }
          ],
          "suites": [],
          "passes": [
            "d97a321b-7dd0-460a-8a0e-909b79e43ce0"
          ],
          "failures": [],
          "pending": [],
          "skipped": [],
          "duration": 84,
          "root": false,
          "rootEmpty": false,
          "_timeout": 2000
        }
      ],
      "passes": [],
      "failures": [],
      "pending": [],
      "skipped": [],
      "duration": 0,
      "root": true,
      "rootEmpty": true,
      "_timeout": 2000
    }
  ],
  "meta": {
    "mocha": {
      "version": "7.0.1"
    },
    "mochawesome": {
      "options": {
        "quiet": false,
        "reportFilename": "mochawesome",
        "saveHtml": false,
        "saveJson": true,
        "consoleReporter": "spec",
        "useInlineDiffs": false,
        "code": true
      },
      "version": "7.1.3"
    },
    "marge": {
      "options": {
        "charts": true,
        "reportPageTitle": "Cypress Testing Report",
        "embeddedScreenshots": true,
        "inlineAssets": true,
        "saveAllAttempts": false,
        "ignoreVideos": false,
        "overwrite": false,
        "html": false,
        "json": true,
        "reportDir": "cypress/reports/html/.jsons"
      },
      "version": "6.2.0"
    }
  }
}