{
  "stats": {
    "suites": 1,
    "tests": 1,
    "passes": 1,
    "pending": 0,
    "failures": 0,
    "start": "2024-08-14T15:46:25.599Z",
    "end": "2024-08-14T15:46:26.421Z",
    "duration": 822,
    "testsRegistered": 1,
    "passPercent": 100,
    "pendingPercent": 0,
    "other": 0,
    "hasOther": false,
    "skipped": 0,
    "hasSkipped": false
  },
  "results": [
    {
      "uuid": "e3a5c985-552d-466d-87f0-78d74f2ee9cf",
      "title": "",
      "fullFile": "cypress/e2e/API-Testing/01-HTTPRequest.cy.js",
      "file": "cypress/e2e/API-Testing/01-HTTPRequest.cy.js",
      "beforeHooks": [],
      "afterHooks": [],
      "tests": [],
      "suites": [
        {
          "uuid": "c3dd5f18-791a-47a3-ac24-704d61b5b51a",
          "title": "HTTP Request",
          "fullFile": "",
          "file": "",
          "beforeHooks": [],
          "afterHooks": [],
          "tests": [
            {
              "title": "HTTP Request - POST Call",
              "fullTitle": "HTTP Request HTTP Request - POST Call",
              "timedOut": null,
              "duration": 796,
              "state": "passed",
              "speed": "fast",
              "pass": true,
              "fail": false,
              "pending": false,
              "context": "{\n  \"title\": \"cypress-mochawesome-reporter-videos-passed\",\n  \"value\": \"cypress/e2e/API-Testing/01-HTTPRequest.cy.js\"\n}",
              "code": "cy.request({\n  method: 'POST',\n  url: 'https://jsonplaceholder.typicode.com/posts/',\n  body: {\n    title: \"Test Post Method\",\n    body: \"This is dummy post request\",\n    userId: 2320\n  }\n}).then(response => {\n  cy.log(response.body);\n  expect(response.status).to.equal(201);\n  expect(response.duration).to.have.greaterThan(300);\n});",
              "err": {},
              "uuid": "e5b3d26f-d2d6-4378-9314-2942301ce66f",
              "parentUUID": "c3dd5f18-791a-47a3-ac24-704d61b5b51a",
              "isHook": false,
              "skipped": false
            }
          ],
          "suites": [],
          "passes": [
            "e5b3d26f-d2d6-4378-9314-2942301ce66f"
          ],
          "failures": [],
          "pending": [],
          "skipped": [],
          "duration": 796,
          "root": false,
          "rootEmpty": false,
          "_timeout": 2000
        }
      ],
      "passes": [],
      "failures": [],
      "pending": [],
      "skipped": [],
      "duration": 0,
      "root": true,
      "rootEmpty": true,
      "_timeout": 2000
    }
  ],
  "meta": {
    "mocha": {
      "version": "7.0.1"
    },
    "mochawesome": {
      "options": {
        "quiet": false,
        "reportFilename": "mochawesome",
        "saveHtml": false,
        "saveJson": true,
        "consoleReporter": "spec",
        "useInlineDiffs": false,
        "code": true
      },
      "version": "7.1.3"
    },
    "marge": {
      "options": {
        "charts": true,
        "reportPageTitle": "Cypress Testing Report",
        "embeddedScreenshots": true,
        "inlineAssets": true,
        "saveAllAttempts": false,
        "ignoreVideos": false,
        "overwrite": false,
        "html": false,
        "json": true,
        "reportDir": "cypress/reports/html/.jsons"
      },
      "version": "6.2.0"
    }
  }
}