{
  "stats": {
    "suites": 1,
    "tests": 3,
    "passes": 3,
    "pending": 0,
    "failures": 0,
    "start": "2024-08-14T15:45:22.439Z",
    "end": "2024-08-14T15:45:25.424Z",
    "duration": 2985,
    "testsRegistered": 3,
    "passPercent": 100,
    "pendingPercent": 0,
    "other": 0,
    "hasOther": false,
    "skipped": 0,
    "hasSkipped": false
  },
  "results": [
    {
      "uuid": "fa52ab33-a3be-4d28-8ac9-1191ec514fe4",
      "title": "",
      "fullFile": "cypress/e2e/2-advanced-examples/navigation.cy.js",
      "file": "cypress/e2e/2-advanced-examples/navigation.cy.js",
      "beforeHooks": [],
      "afterHooks": [],
      "tests": [],
      "suites": [
        {
          "uuid": "07e57cd1-c9d6-43a9-975d-752df2a1bfc1",
          "title": "Navigation",
          "fullFile": "",
          "file": "",
          "beforeHooks": [],
          "afterHooks": [],
          "tests": [
            {
              "title": "cy.go() - go back or forward in the browser's history",
              "fullTitle": "Navigation cy.go() - go back or forward in the browser's history",
              "timedOut": null,
              "duration": 1060,
              "state": "passed",
              "speed": "fast",
              "pass": true,
              "fail": false,
              "pending": false,
              "context": "{\n  \"title\": \"cypress-mochawesome-reporter-videos-passed\",\n  \"value\": \"cypress/e2e/2-advanced-examples/navigation.cy.js\"\n}",
              "code": "// https://on.cypress.io/go\ncy.location('pathname').should('include', 'navigation');\ncy.go('back');\ncy.location('pathname').should('not.include', 'navigation');\ncy.go('forward');\ncy.location('pathname').should('include', 'navigation');\n// clicking back\ncy.go(-1);\ncy.location('pathname').should('not.include', 'navigation');\n// clicking forward\ncy.go(1);\ncy.location('pathname').should('include', 'navigation');",
              "err": {},
              "uuid": "31c361e0-b7c6-4749-ba3f-816e31b94b22",
              "parentUUID": "07e57cd1-c9d6-43a9-975d-752df2a1bfc1",
              "isHook": false,
              "skipped": false
            },
            {
              "title": "cy.reload() - reload the page",
              "fullTitle": "Navigation cy.reload() - reload the page",
              "timedOut": null,
              "duration": 421,
              "state": "passed",
              "speed": "fast",
              "pass": true,
              "fail": false,
              "pending": false,
              "context": "{\n  \"title\": \"cypress-mochawesome-reporter-videos-passed\",\n  \"value\": \"cypress/e2e/2-advanced-examples/navigation.cy.js\"\n}",
              "code": "// https://on.cypress.io/reload\ncy.reload();\n// reload the page without using the cache\ncy.reload(true);",
              "err": {},
              "uuid": "8e0e5f49-5dca-41a1-b06d-9821158d6573",
              "parentUUID": "07e57cd1-c9d6-43a9-975d-752df2a1bfc1",
              "isHook": false,
              "skipped": false
            },
            {
              "title": "cy.visit() - visit a remote url",
              "fullTitle": "Navigation cy.visit() - visit a remote url",
              "timedOut": null,
              "duration": 339,
              "state": "passed",
              "speed": "fast",
              "pass": true,
              "fail": false,
              "pending": false,
              "context": "{\n  \"title\": \"cypress-mochawesome-reporter-videos-passed\",\n  \"value\": \"cypress/e2e/2-advanced-examples/navigation.cy.js\"\n}",
              "code": "// https://on.cypress.io/visit\n// Visit any sub-domain of your current domain\n// Pass options to the visit\ncy.visit('https://example.cypress.io/commands/navigation', {\n  timeout: 50000,\n  // increase total time for the visit to resolve\n  onBeforeLoad(contentWindow) {\n    // contentWindow is the remote page's window object\n    expect(typeof contentWindow === 'object').to.be.true;\n  },\n  onLoad(contentWindow) {\n    // contentWindow is the remote page's window object\n    expect(typeof contentWindow === 'object').to.be.true;\n  }\n});",
              "err": {},
              "uuid": "e092144f-4a5e-48e9-bd70-58289ac282d3",
              "parentUUID": "07e57cd1-c9d6-43a9-975d-752df2a1bfc1",
              "isHook": false,
              "skipped": false
            }
          ],
          "suites": [],
          "passes": [
            "31c361e0-b7c6-4749-ba3f-816e31b94b22",
            "8e0e5f49-5dca-41a1-b06d-9821158d6573",
            "e092144f-4a5e-48e9-bd70-58289ac282d3"
          ],
          "failures": [],
          "pending": [],
          "skipped": [],
          "duration": 1820,
          "root": false,
          "rootEmpty": false,
          "_timeout": 2000
        }
      ],
      "passes": [],
      "failures": [],
      "pending": [],
      "skipped": [],
      "duration": 0,
      "root": true,
      "rootEmpty": true,
      "_timeout": 2000
    }
  ],
  "meta": {
    "mocha": {
      "version": "7.0.1"
    },
    "mochawesome": {
      "options": {
        "quiet": false,
        "reportFilename": "mochawesome",
        "saveHtml": false,
        "saveJson": true,
        "consoleReporter": "spec",
        "useInlineDiffs": false,
        "code": true
      },
      "version": "7.1.3"
    },
    "marge": {
      "options": {
        "charts": true,
        "reportPageTitle": "Cypress Testing Report",
        "embeddedScreenshots": true,
        "inlineAssets": true,
        "saveAllAttempts": false,
        "ignoreVideos": false,
        "overwrite": false,
        "html": false,
        "json": true,
        "reportDir": "cypress/reports/html/.jsons"
      },
      "version": "6.2.0"
    }
  }
}