{
  "stats": {
    "suites": 1,
    "tests": 1,
    "passes": 1,
    "pending": 0,
    "failures": 0,
    "start": "2024-08-14T15:46:45.630Z",
    "end": "2024-08-14T15:46:47.991Z",
    "duration": 2361,
    "testsRegistered": 1,
    "passPercent": 100,
    "pendingPercent": 0,
    "other": 0,
    "hasOther": false,
    "skipped": 0,
    "hasSkipped": false
  },
  "results": [
    {
      "uuid": "c024f23e-7e87-4483-b5a7-b74f8f4e6008",
      "title": "",
      "fullFile": "cypress/e2e/API-Testing/05-HeadersCookiesAccess.cy.js",
      "file": "cypress/e2e/API-Testing/05-HeadersCookiesAccess.cy.js",
      "beforeHooks": [],
      "afterHooks": [],
      "tests": [],
      "suites": [
        {
          "uuid": "1cdc0a83-20df-41ac-a72b-a86cfa5d0095",
          "title": "Cookies and Header to Validate APIs",
          "fullFile": "",
          "file": "",
          "beforeHooks": [],
          "afterHooks": [],
          "tests": [
            {
              "title": "Order Book",
              "fullTitle": "Cookies and Header to Validate APIs Order Book",
              "timedOut": null,
              "duration": 2343,
              "state": "passed",
              "speed": "fast",
              "pass": true,
              "fail": false,
              "pending": false,
              "context": "{\n  \"title\": \"cypress-mochawesome-reporter-videos-passed\",\n  \"value\": \"cypress/e2e/API-Testing/05-HeadersCookiesAccess.cy.js\"\n}",
              "code": "cy.request({\n  method: 'POST',\n  url: 'https://simple-books-api.glitch.me/orders',\n  headers: {\n    'Content-Type': 'Application/json',\n    'Authorization': 'Bearer ' + accessToken\n  },\n  body: {\n    \"bookId\": 1,\n    \"customerName\": \"Dummy Data\"\n  }\n}).then(response => {\n  const resBody = response.body;\n  expect(response.status).to.equal(201);\n  expect(response.body.created).to.eq(true);\n  cy.log(JSON.stringify(resBody));\n});",
              "err": {},
              "uuid": "c52dca41-b88a-45ea-a108-9887404b2570",
              "parentUUID": "1cdc0a83-20df-41ac-a72b-a86cfa5d0095",
              "isHook": false,
              "skipped": false
            }
          ],
          "suites": [],
          "passes": [
            "c52dca41-b88a-45ea-a108-9887404b2570"
          ],
          "failures": [],
          "pending": [],
          "skipped": [],
          "duration": 2343,
          "root": false,
          "rootEmpty": false,
          "_timeout": 2000
        }
      ],
      "passes": [],
      "failures": [],
      "pending": [],
      "skipped": [],
      "duration": 0,
      "root": true,
      "rootEmpty": true,
      "_timeout": 2000
    }
  ],
  "meta": {
    "mocha": {
      "version": "7.0.1"
    },
    "mochawesome": {
      "options": {
        "quiet": false,
        "reportFilename": "mochawesome",
        "saveHtml": false,
        "saveJson": true,
        "consoleReporter": "spec",
        "useInlineDiffs": false,
        "code": true
      },
      "version": "7.1.3"
    },
    "marge": {
      "options": {
        "charts": true,
        "reportPageTitle": "Cypress Testing Report",
        "embeddedScreenshots": true,
        "inlineAssets": true,
        "saveAllAttempts": false,
        "ignoreVideos": false,
        "overwrite": false,
        "html": false,
        "json": true,
        "reportDir": "cypress/reports/html/.jsons"
      },
      "version": "6.2.0"
    }
  }
}